
15-Aug-2022 11:38:44 INFO - Application shutdown requested.
15-Aug-2022 11:38:46 INFO - Closing JPA EntityManagerFactory for persistence unit 'default'
15-Aug-2022 11:38:46 INFO - HikariPool-1 - Shutdown initiated...
15-Aug-2022 11:38:46 INFO - HikariPool-1 - Shutdown completed.
15-Aug-2022 11:39:30 INFO - Devtools property defaults active! Set 'spring.devtools.add-properties' to 'false' to disable
15-Aug-2022 11:39:30 INFO - For additional web related logging consider setting the 'logging.level.web' property to 'DEBUG'
15-Aug-2022 11:39:35 INFO - Bootstrapping Spring Data JPA repositories in DEFAULT mode.
15-Aug-2022 11:39:35 INFO - Finished Spring Data repository scanning in 257 ms. Found 2 JPA repository interfaces.
15-Aug-2022 11:39:46 INFO - Tomcat initialized with port(s): 5555 (http)
15-Aug-2022 11:39:46 INFO - Initializing ProtocolHandler ["http-nio-5555"]
15-Aug-2022 11:39:46 INFO - Starting service [Tomcat]
15-Aug-2022 11:39:46 INFO - Starting Servlet engine: [Apache Tomcat/9.0.65]
15-Aug-2022 11:39:47 INFO - Initializing Spring embedded WebApplicationContext
15-Aug-2022 11:39:47 INFO - Root WebApplicationContext: initialization completed in 17123 ms
15-Aug-2022 11:39:48 INFO - HikariPool-1 - Starting...
15-Aug-2022 11:39:58 INFO - HikariPool-1 - Start completed.
15-Aug-2022 11:39:59 INFO - HHH000204: Processing PersistenceUnitInfo [name: default]
15-Aug-2022 11:40:01 INFO - HHH000412: Hibernate ORM core version 5.6.10.Final
15-Aug-2022 11:40:09 INFO - HCANN000001: Hibernate Commons Annotations {5.1.2.Final}
15-Aug-2022 11:40:14 INFO - HHH000400: Using dialect: org.hibernate.dialect.MySQL8Dialect
15-Aug-2022 11:40:39 INFO - HHH000490: Using JtaPlatform implementation: [org.hibernate.engine.transaction.jta.platform.internal.NoJtaPlatform]
15-Aug-2022 11:40:39 INFO - Initialized JPA EntityManagerFactory for persistence unit 'default'
15-Aug-2022 11:40:44 WARN - spring.jpa.open-in-view is enabled by default. Therefore, database queries may be performed during view rendering. Explicitly configure spring.jpa.open-in-view to disable this warning
15-Aug-2022 11:40:47 INFO - LiveReload server is running on port 35729
15-Aug-2022 11:40:47 INFO - Starting ProtocolHandler ["http-nio-5555"]
15-Aug-2022 11:40:49 INFO - Tomcat started on port(s): 5555 (http) with context path ''
15-Aug-2022 11:41:57 INFO - Initializing Spring DispatcherServlet 'dispatcherServlet'
15-Aug-2022 11:41:57 INFO - Initializing Servlet 'dispatcherServlet'
15-Aug-2022 11:41:57 INFO - Completed initialization in 3 ms
15-Aug-2022 11:58:33 INFO - Closing JPA EntityManagerFactory for persistence unit 'default'
15-Aug-2022 11:58:34 INFO - HikariPool-1 - Shutdown initiated...
15-Aug-2022 11:58:35 INFO - HikariPool-1 - Shutdown completed.
15-Aug-2022 11:58:39 INFO - Bootstrapping Spring Data JPA repositories in DEFAULT mode.
15-Aug-2022 11:58:39 INFO - Finished Spring Data repository scanning in 15 ms. Found 2 JPA repository interfaces.
15-Aug-2022 11:58:40 INFO - Tomcat initialized with port(s): 5555 (http)
15-Aug-2022 11:58:40 INFO - Initializing ProtocolHandler ["http-nio-5555"]
15-Aug-2022 11:58:40 INFO - Starting service [Tomcat]
15-Aug-2022 11:58:40 INFO - Starting Servlet engine: [Apache Tomcat/9.0.65]
15-Aug-2022 11:58:40 INFO - Initializing Spring embedded WebApplicationContext
15-Aug-2022 11:58:40 INFO - Root WebApplicationContext: initialization completed in 3135 ms
15-Aug-2022 11:58:40 INFO - HikariPool-2 - Starting...
15-Aug-2022 11:58:44 INFO - HikariPool-2 - Start completed.
15-Aug-2022 11:58:44 INFO - HHH000204: Processing PersistenceUnitInfo [name: default]
15-Aug-2022 11:58:44 INFO - HHH000400: Using dialect: org.hibernate.dialect.MySQL8Dialect
15-Aug-2022 11:58:44 INFO - HHH000490: Using JtaPlatform implementation: [org.hibernate.engine.transaction.jta.platform.internal.NoJtaPlatform]
15-Aug-2022 11:58:44 INFO - Initialized JPA EntityManagerFactory for persistence unit 'default'
15-Aug-2022 11:58:44 WARN - spring.jpa.open-in-view is enabled by default. Therefore, database queries may be performed during view rendering. Explicitly configure spring.jpa.open-in-view to disable this warning
15-Aug-2022 11:58:44 INFO - LiveReload server is running on port 35729
15-Aug-2022 11:58:44 INFO - Starting ProtocolHandler ["http-nio-5555"]
15-Aug-2022 11:58:45 INFO - Tomcat started on port(s): 5555 (http) with context path ''
15-Aug-2022 11:58:45 INFO - Condition evaluation unchanged
15-Aug-2022 11:58:47 INFO - Neither @ContextConfiguration nor @ContextHierarchy found for test class [com.example.Springdataintegrated3ApplicationTests], using SpringBootContextLoader
15-Aug-2022 11:58:48 INFO - Could not detect default resource locations for test class [com.example.Springdataintegrated3ApplicationTests]: no resource found for suffixes {-context.xml, Context.groovy}.
15-Aug-2022 11:58:48 INFO - Could not detect default configuration classes for test class [com.example.Springdataintegrated3ApplicationTests]: Springdataintegrated3ApplicationTests does not declare any static, non-private, non-final, nested classes annotated with @Configuration.
15-Aug-2022 11:58:48 INFO - Found @SpringBootConfiguration com.example.Springdataintegrated3Application for test class com.example.Springdataintegrated3ApplicationTests
15-Aug-2022 11:58:49 INFO - Loaded default TestExecutionListener class names from location [META-INF/spring.factories]: [org.springframework.boot.test.mock.mockito.MockitoTestExecutionListener, org.springframework.boot.test.mock.mockito.ResetMocksTestExecutionListener, org.springframework.boot.test.autoconfigure.restdocs.RestDocsTestExecutionListener, org.springframework.boot.test.autoconfigure.web.client.MockRestServiceServerResetTestExecutionListener, org.springframework.boot.test.autoconfigure.web.servlet.MockMvcPrintOnlyOnFailureTestExecutionListener, org.springframework.boot.test.autoconfigure.web.servlet.WebDriverTestExecutionListener, org.springframework.boot.test.autoconfigure.webservices.client.MockWebServiceServerTestExecutionListener, org.springframework.test.context.web.ServletTestExecutionListener, org.springframework.test.context.support.DirtiesContextBeforeModesTestExecutionListener, org.springframework.test.context.event.ApplicationEventsTestExecutionListener, org.springframework.test.context.support.DependencyInjectionTestExecutionListener, org.springframework.test.context.support.DirtiesContextTestExecutionListener, org.springframework.test.context.transaction.TransactionalTestExecutionListener, org.springframework.test.context.jdbc.SqlScriptsTestExecutionListener, org.springframework.test.context.event.EventPublishingTestExecutionListener]
15-Aug-2022 11:58:49 INFO - Using TestExecutionListeners: [org.springframework.test.context.web.ServletTestExecutionListener@3773862a, org.springframework.test.context.support.DirtiesContextBeforeModesTestExecutionListener@2472c7d8, org.springframework.test.context.event.ApplicationEventsTestExecutionListener@589b028e, org.springframework.boot.test.mock.mockito.MockitoTestExecutionListener@22175d4f, org.springframework.boot.test.autoconfigure.SpringBootDependencyInjectionTestExecutionListener@9fecdf1, org.springframework.test.context.support.DirtiesContextTestExecutionListener@3b809711, org.springframework.test.context.transaction.TransactionalTestExecutionListener@3b0f7d9d, org.springframework.test.context.jdbc.SqlScriptsTestExecutionListener@236ab296, org.springframework.test.context.event.EventPublishingTestExecutionListener@5c84624f, org.springframework.boot.test.mock.mockito.ResetMocksTestExecutionListener@63034ed1, org.springframework.boot.test.autoconfigure.restdocs.RestDocsTestExecutionListener@232024b9, org.springframework.boot.test.autoconfigure.web.client.MockRestServiceServerResetTestExecutionListener@55a8dc49, org.springframework.boot.test.autoconfigure.web.servlet.MockMvcPrintOnlyOnFailureTestExecutionListener@2a415aa9, org.springframework.boot.test.autoconfigure.web.servlet.WebDriverTestExecutionListener@53cdecf6, org.springframework.boot.test.autoconfigure.webservices.client.MockWebServiceServerTestExecutionListener@71ea1fda]
15-Aug-2022 11:58:53 INFO - Bootstrapping Spring Data JPA repositories in DEFAULT mode.
15-Aug-2022 11:58:53 INFO - Finished Spring Data repository scanning in 120 ms. Found 2 JPA repository interfaces.
15-Aug-2022 11:58:55 INFO - HikariPool-1 - Starting...
15-Aug-2022 11:58:58 INFO - HikariPool-1 - Start completed.
15-Aug-2022 11:58:58 INFO - HHH000204: Processing PersistenceUnitInfo [name: default]
15-Aug-2022 11:58:59 INFO - HHH000412: Hibernate ORM core version 5.6.10.Final
15-Aug-2022 11:59:03 INFO - HCANN000001: Hibernate Commons Annotations {5.1.2.Final}
15-Aug-2022 11:59:04 INFO - HHH000400: Using dialect: org.hibernate.dialect.MySQL8Dialect
15-Aug-2022 11:59:06 INFO - HHH000490: Using JtaPlatform implementation: [org.hibernate.engine.transaction.jta.platform.internal.NoJtaPlatform]
15-Aug-2022 11:59:06 INFO - Initialized JPA EntityManagerFactory for persistence unit 'default'
15-Aug-2022 11:59:09 WARN - spring.jpa.open-in-view is enabled by default. Therefore, database queries may be performed during view rendering. Explicitly configure spring.jpa.open-in-view to disable this warning
15-Aug-2022 11:59:12 INFO - Closing JPA EntityManagerFactory for persistence unit 'default'
15-Aug-2022 11:59:12 INFO - HikariPool-1 - Shutdown initiated...
15-Aug-2022 11:59:12 INFO - HikariPool-1 - Shutdown completed.
15-Aug-2022 12:00:03 INFO - Neither @ContextConfiguration nor @ContextHierarchy found for test class [com.example.Springdataintegrated3ApplicationTests], using SpringBootContextLoader
15-Aug-2022 12:00:03 INFO - Could not detect default resource locations for test class [com.example.Springdataintegrated3ApplicationTests]: no resource found for suffixes {-context.xml, Context.groovy}.
15-Aug-2022 12:00:03 INFO - Could not detect default configuration classes for test class [com.example.Springdataintegrated3ApplicationTests]: Springdataintegrated3ApplicationTests does not declare any static, non-private, non-final, nested classes annotated with @Configuration.
15-Aug-2022 12:00:04 INFO - Found @SpringBootConfiguration com.example.Springdataintegrated3Application for test class com.example.Springdataintegrated3ApplicationTests
15-Aug-2022 12:00:04 INFO - Loaded default TestExecutionListener class names from location [META-INF/spring.factories]: [org.springframework.boot.test.mock.mockito.MockitoTestExecutionListener, org.springframework.boot.test.mock.mockito.ResetMocksTestExecutionListener, org.springframework.boot.test.autoconfigure.restdocs.RestDocsTestExecutionListener, org.springframework.boot.test.autoconfigure.web.client.MockRestServiceServerResetTestExecutionListener, org.springframework.boot.test.autoconfigure.web.servlet.MockMvcPrintOnlyOnFailureTestExecutionListener, org.springframework.boot.test.autoconfigure.web.servlet.WebDriverTestExecutionListener, org.springframework.boot.test.autoconfigure.webservices.client.MockWebServiceServerTestExecutionListener, org.springframework.test.context.web.ServletTestExecutionListener, org.springframework.test.context.support.DirtiesContextBeforeModesTestExecutionListener, org.springframework.test.context.event.ApplicationEventsTestExecutionListener, org.springframework.test.context.support.DependencyInjectionTestExecutionListener, org.springframework.test.context.support.DirtiesContextTestExecutionListener, org.springframework.test.context.transaction.TransactionalTestExecutionListener, org.springframework.test.context.jdbc.SqlScriptsTestExecutionListener, org.springframework.test.context.event.EventPublishingTestExecutionListener]
15-Aug-2022 12:00:04 INFO - Using TestExecutionListeners: [org.springframework.test.context.web.ServletTestExecutionListener@15fc442, org.springframework.test.context.support.DirtiesContextBeforeModesTestExecutionListener@3f3c7bdb, org.springframework.test.context.event.ApplicationEventsTestExecutionListener@456abb66, org.springframework.boot.test.mock.mockito.MockitoTestExecutionListener@2a3a299, org.springframework.boot.test.autoconfigure.SpringBootDependencyInjectionTestExecutionListener@7da10b5b, org.springframework.test.context.support.DirtiesContextTestExecutionListener@219f4597, org.springframework.test.context.transaction.TransactionalTestExecutionListener@31be6b49, org.springframework.test.context.jdbc.SqlScriptsTestExecutionListener@2e16b08d, org.springframework.test.context.event.EventPublishingTestExecutionListener@5b989dc7, org.springframework.boot.test.mock.mockito.ResetMocksTestExecutionListener@70d8de, org.springframework.boot.test.autoconfigure.restdocs.RestDocsTestExecutionListener@42561fba, org.springframework.boot.test.autoconfigure.web.client.MockRestServiceServerResetTestExecutionListener@595f4da5, org.springframework.boot.test.autoconfigure.web.servlet.MockMvcPrintOnlyOnFailureTestExecutionListener@46b695ec, org.springframework.boot.test.autoconfigure.web.servlet.WebDriverTestExecutionListener@408613cc, org.springframework.boot.test.autoconfigure.webservices.client.MockWebServiceServerTestExecutionListener@325f7fa9]
15-Aug-2022 12:00:08 INFO - Bootstrapping Spring Data JPA repositories in DEFAULT mode.
15-Aug-2022 12:00:08 INFO - Finished Spring Data repository scanning in 79 ms. Found 2 JPA repository interfaces.
15-Aug-2022 12:00:10 INFO - HikariPool-1 - Starting...
15-Aug-2022 12:00:13 INFO - HikariPool-1 - Start completed.
15-Aug-2022 12:00:13 INFO - HHH000204: Processing PersistenceUnitInfo [name: default]
15-Aug-2022 12:00:13 INFO - HHH000412: Hibernate ORM core version 5.6.10.Final
15-Aug-2022 12:00:15 INFO - HCANN000001: Hibernate Commons Annotations {5.1.2.Final}
15-Aug-2022 12:00:16 INFO - HHH000400: Using dialect: org.hibernate.dialect.MySQL8Dialect
15-Aug-2022 12:00:19 INFO - HHH000490: Using JtaPlatform implementation: [org.hibernate.engine.transaction.jta.platform.internal.NoJtaPlatform]
15-Aug-2022 12:00:19 INFO - Initialized JPA EntityManagerFactory for persistence unit 'default'
15-Aug-2022 12:00:21 WARN - spring.jpa.open-in-view is enabled by default. Therefore, database queries may be performed during view rendering. Explicitly configure spring.jpa.open-in-view to disable this warning
15-Aug-2022 12:00:23 INFO - Closing JPA EntityManagerFactory for persistence unit 'default'
15-Aug-2022 12:00:23 INFO - HikariPool-1 - Shutdown initiated...
15-Aug-2022 12:00:23 INFO - HikariPool-1 - Shutdown completed.
15-Aug-2022 12:12:39 INFO - Neither @ContextConfiguration nor @ContextHierarchy found for test class [com.example.Springdataintegrated3ApplicationTests], using SpringBootContextLoader
15-Aug-2022 12:12:39 INFO - Could not detect default resource locations for test class [com.example.Springdataintegrated3ApplicationTests]: no resource found for suffixes {-context.xml, Context.groovy}.
15-Aug-2022 12:12:39 INFO - Could not detect default configuration classes for test class [com.example.Springdataintegrated3ApplicationTests]: Springdataintegrated3ApplicationTests does not declare any static, non-private, non-final, nested classes annotated with @Configuration.
15-Aug-2022 12:12:39 INFO - Found @SpringBootConfiguration com.example.Springdataintegrated3Application for test class com.example.Springdataintegrated3ApplicationTests
15-Aug-2022 12:12:40 INFO - Loaded default TestExecutionListener class names from location [META-INF/spring.factories]: [org.springframework.boot.test.mock.mockito.MockitoTestExecutionListener, org.springframework.boot.test.mock.mockito.ResetMocksTestExecutionListener, org.springframework.boot.test.autoconfigure.restdocs.RestDocsTestExecutionListener, org.springframework.boot.test.autoconfigure.web.client.MockRestServiceServerResetTestExecutionListener, org.springframework.boot.test.autoconfigure.web.servlet.MockMvcPrintOnlyOnFailureTestExecutionListener, org.springframework.boot.test.autoconfigure.web.servlet.WebDriverTestExecutionListener, org.springframework.boot.test.autoconfigure.webservices.client.MockWebServiceServerTestExecutionListener, org.springframework.test.context.web.ServletTestExecutionListener, org.springframework.test.context.support.DirtiesContextBeforeModesTestExecutionListener, org.springframework.test.context.event.ApplicationEventsTestExecutionListener, org.springframework.test.context.support.DependencyInjectionTestExecutionListener, org.springframework.test.context.support.DirtiesContextTestExecutionListener, org.springframework.test.context.transaction.TransactionalTestExecutionListener, org.springframework.test.context.jdbc.SqlScriptsTestExecutionListener, org.springframework.test.context.event.EventPublishingTestExecutionListener]
15-Aug-2022 12:12:40 INFO - Using TestExecutionListeners: [org.springframework.test.context.web.ServletTestExecutionListener@6034e75d, org.springframework.test.context.support.DirtiesContextBeforeModesTestExecutionListener@15fc442, org.springframework.test.context.event.ApplicationEventsTestExecutionListener@3f3c7bdb, org.springframework.boot.test.mock.mockito.MockitoTestExecutionListener@456abb66, org.springframework.boot.test.autoconfigure.SpringBootDependencyInjectionTestExecutionListener@2a3a299, org.springframework.test.context.support.DirtiesContextTestExecutionListener@7da10b5b, org.springframework.test.context.transaction.TransactionalTestExecutionListener@219f4597, org.springframework.test.context.jdbc.SqlScriptsTestExecutionListener@31be6b49, org.springframework.test.context.event.EventPublishingTestExecutionListener@2e16b08d, org.springframework.boot.test.mock.mockito.ResetMocksTestExecutionListener@5b989dc7, org.springframework.boot.test.autoconfigure.restdocs.RestDocsTestExecutionListener@70d8de, org.springframework.boot.test.autoconfigure.web.client.MockRestServiceServerResetTestExecutionListener@42561fba, org.springframework.boot.test.autoconfigure.web.servlet.MockMvcPrintOnlyOnFailureTestExecutionListener@595f4da5, org.springframework.boot.test.autoconfigure.web.servlet.WebDriverTestExecutionListener@46b695ec, org.springframework.boot.test.autoconfigure.webservices.client.MockWebServiceServerTestExecutionListener@408613cc]
15-Aug-2022 12:12:43 INFO - Bootstrapping Spring Data JPA repositories in DEFAULT mode.
15-Aug-2022 12:12:43 INFO - Finished Spring Data repository scanning in 73 ms. Found 2 JPA repository interfaces.
15-Aug-2022 12:12:44 INFO - HikariPool-1 - Starting...
15-Aug-2022 12:12:49 INFO - HikariPool-1 - Start completed.
15-Aug-2022 12:12:49 INFO - HHH000204: Processing PersistenceUnitInfo [name: default]
15-Aug-2022 12:12:50 INFO - HHH000412: Hibernate ORM core version 5.6.10.Final
15-Aug-2022 12:12:51 INFO - HCANN000001: Hibernate Commons Annotations {5.1.2.Final}
15-Aug-2022 12:12:51 INFO - HHH000400: Using dialect: org.hibernate.dialect.MySQL8Dialect
15-Aug-2022 12:12:52 INFO - HHH000490: Using JtaPlatform implementation: [org.hibernate.engine.transaction.jta.platform.internal.NoJtaPlatform]
15-Aug-2022 12:12:52 INFO - Initialized JPA EntityManagerFactory for persistence unit 'default'
15-Aug-2022 12:12:54 WARN - spring.jpa.open-in-view is enabled by default. Therefore, database queries may be performed during view rendering. Explicitly configure spring.jpa.open-in-view to disable this warning
15-Aug-2022 12:12:57 INFO - Closing JPA EntityManagerFactory for persistence unit 'default'
15-Aug-2022 12:12:57 INFO - HikariPool-1 - Shutdown initiated...
15-Aug-2022 12:12:57 INFO - HikariPool-1 - Shutdown completed.
15-Aug-2022 12:13:45 INFO - Neither @ContextConfiguration nor @ContextHierarchy found for test class [com.example.Springdataintegrated3ApplicationTests], using SpringBootContextLoader
15-Aug-2022 12:13:45 INFO - Could not detect default resource locations for test class [com.example.Springdataintegrated3ApplicationTests]: no resource found for suffixes {-context.xml, Context.groovy}.
15-Aug-2022 12:13:45 INFO - Could not detect default configuration classes for test class [com.example.Springdataintegrated3ApplicationTests]: Springdataintegrated3ApplicationTests does not declare any static, non-private, non-final, nested classes annotated with @Configuration.
15-Aug-2022 12:13:45 INFO - Found @SpringBootConfiguration com.example.Springdataintegrated3Application for test class com.example.Springdataintegrated3ApplicationTests
15-Aug-2022 12:13:46 INFO - Loaded default TestExecutionListener class names from location [META-INF/spring.factories]: [org.springframework.boot.test.mock.mockito.MockitoTestExecutionListener, org.springframework.boot.test.mock.mockito.ResetMocksTestExecutionListener, org.springframework.boot.test.autoconfigure.restdocs.RestDocsTestExecutionListener, org.springframework.boot.test.autoconfigure.web.client.MockRestServiceServerResetTestExecutionListener, org.springframework.boot.test.autoconfigure.web.servlet.MockMvcPrintOnlyOnFailureTestExecutionListener, org.springframework.boot.test.autoconfigure.web.servlet.WebDriverTestExecutionListener, org.springframework.boot.test.autoconfigure.webservices.client.MockWebServiceServerTestExecutionListener, org.springframework.test.context.web.ServletTestExecutionListener, org.springframework.test.context.support.DirtiesContextBeforeModesTestExecutionListener, org.springframework.test.context.event.ApplicationEventsTestExecutionListener, org.springframework.test.context.support.DependencyInjectionTestExecutionListener, org.springframework.test.context.support.DirtiesContextTestExecutionListener, org.springframework.test.context.transaction.TransactionalTestExecutionListener, org.springframework.test.context.jdbc.SqlScriptsTestExecutionListener, org.springframework.test.context.event.EventPublishingTestExecutionListener]
15-Aug-2022 12:13:46 INFO - Using TestExecutionListeners: [org.springframework.test.context.web.ServletTestExecutionListener@2472c7d8, org.springframework.test.context.support.DirtiesContextBeforeModesTestExecutionListener@589b028e, org.springframework.test.context.event.ApplicationEventsTestExecutionListener@22175d4f, org.springframework.boot.test.mock.mockito.MockitoTestExecutionListener@9fecdf1, org.springframework.boot.test.autoconfigure.SpringBootDependencyInjectionTestExecutionListener@3b809711, org.springframework.test.context.support.DirtiesContextTestExecutionListener@3b0f7d9d, org.springframework.test.context.transaction.TransactionalTestExecutionListener@236ab296, org.springframework.test.context.jdbc.SqlScriptsTestExecutionListener@5c84624f, org.springframework.test.context.event.EventPublishingTestExecutionListener@63034ed1, org.springframework.boot.test.mock.mockito.ResetMocksTestExecutionListener@232024b9, org.springframework.boot.test.autoconfigure.restdocs.RestDocsTestExecutionListener@55a8dc49, org.springframework.boot.test.autoconfigure.web.client.MockRestServiceServerResetTestExecutionListener@2a415aa9, org.springframework.boot.test.autoconfigure.web.servlet.MockMvcPrintOnlyOnFailureTestExecutionListener@53cdecf6, org.springframework.boot.test.autoconfigure.web.servlet.WebDriverTestExecutionListener@71ea1fda, org.springframework.boot.test.autoconfigure.webservices.client.MockWebServiceServerTestExecutionListener@62b3df3a]
15-Aug-2022 12:13:48 INFO - Bootstrapping Spring Data JPA repositories in DEFAULT mode.
15-Aug-2022 12:13:48 INFO - Finished Spring Data repository scanning in 83 ms. Found 2 JPA repository interfaces.
15-Aug-2022 12:13:49 INFO - HikariPool-1 - Starting...
15-Aug-2022 12:13:50 INFO - HikariPool-1 - Start completed.
15-Aug-2022 12:13:50 INFO - HHH000204: Processing PersistenceUnitInfo [name: default]
15-Aug-2022 12:13:51 INFO - HHH000412: Hibernate ORM core version 5.6.10.Final
15-Aug-2022 12:13:51 INFO - HCANN000001: Hibernate Commons Annotations {5.1.2.Final}
15-Aug-2022 12:13:51 INFO - HHH000400: Using dialect: org.hibernate.dialect.MySQL8Dialect
15-Aug-2022 12:13:53 INFO - HHH000490: Using JtaPlatform implementation: [org.hibernate.engine.transaction.jta.platform.internal.NoJtaPlatform]
15-Aug-2022 12:13:53 INFO - Initialized JPA EntityManagerFactory for persistence unit 'default'
15-Aug-2022 12:13:55 WARN - spring.jpa.open-in-view is enabled by default. Therefore, database queries may be performed during view rendering. Explicitly configure spring.jpa.open-in-view to disable this warning
15-Aug-2022 12:13:58 INFO - Closing JPA EntityManagerFactory for persistence unit 'default'
15-Aug-2022 12:13:58 INFO - HikariPool-1 - Shutdown initiated...
15-Aug-2022 12:13:58 INFO - HikariPool-1 - Shutdown completed.
15-Aug-2022 12:16:12 INFO - Application shutdown requested.
15-Aug-2022 12:16:13 INFO - Closing JPA EntityManagerFactory for persistence unit 'default'
15-Aug-2022 12:16:13 INFO - HikariPool-2 - Shutdown initiated...
15-Aug-2022 12:16:13 INFO - HikariPool-2 - Shutdown completed.
